TN:
SF:Test_1\stringLength.js
FN:1,(anonymous_0)
FNF:1
FNH:1
FNDA:6,(anonymous_0)
DA:1,1
DA:2,6
DA:3,1
DA:4,5
DA:5,1
DA:7,4
DA:11,1
LF:7
LH:7
BRDA:2,0,0,1
BRDA:2,0,1,5
BRDA:4,1,0,1
BRDA:4,1,1,4
BRF:4
BRH:4
end_of_record
TN:
SF:Test_3\simplecalculator.js
FN:1,(anonymous_0)
FN:4,(anonymous_1)
FN:7,(anonymous_2)
FN:9,(anonymous_3)
FNF:4
FNH:4
FNDA:3,(anonymous_0)
FNDA:3,(anonymous_1)
FNDA:3,(anonymous_2)
FNDA:3,(anonymous_3)
DA:1,3
DA:4,3
DA:7,3
DA:9,3
DA:12,1
DA:13,1
DA:14,1
DA:15,1
LF:8
LH:8
BRF:0
BRH:0
end_of_record
TN:
SF:test_2\reverseString.js
FN:1,(anonymous_0)
FNF:1
FNH:1
FNDA:1,(anonymous_0)
DA:1,1
DA:2,1
DA:5,1
LF:3
LH:3
BRF:0
BRH:0
end_of_record
